{"D:\\baobobbob\\paginate-index\\src\\index.ts": {"path":"D:\\baobobbob\\paginate-index\\src\\index.ts","statementMap":{"0":{"start":{"line":1,"column":0},"end":{"line":1,"column":35}},"1":{"start":{"line":2,"column":0},"end":{"line":2,"column":62}},"2":{"start":{"line":17,"column":12},"end":{"line":21,"column":null}},"3":{"start":{"line":31,"column":6},"end":{"line":31,"column":11}},"4":{"start":{"line":32,"column":14},"end":{"line":36,"column":null}},"5":{"start":{"line":39,"column":31},"end":{"line":39,"column":33}},"6":{"start":{"line":40,"column":30},"end":{"line":40,"column":32}},"7":{"start":{"line":41,"column":21},"end":{"line":41,"column":35}},"8":{"start":{"line":43,"column":2},"end":{"line":45,"column":null}},"9":{"start":{"line":43,"column":16},"end":{"line":43,"column":17}},"10":{"start":{"line":44,"column":4},"end":{"line":44,"column":33}},"11":{"start":{"line":46,"column":2},"end":{"line":52,"column":null}},"12":{"start":{"line":47,"column":13},"end":{"line":47,"column":23}},"13":{"start":{"line":51,"column":4},"end":{"line":51,"column":28}},"14":{"start":{"line":53,"column":2},"end":{"line":53,"column":27}},"15":{"start":{"line":55,"column":2},"end":{"line":57,"column":null}},"16":{"start":{"line":56,"column":4},"end":{"line":56,"column":74}},"17":{"start":{"line":58,"column":2},"end":{"line":60,"column":null}},"18":{"start":{"line":59,"column":4},"end":{"line":59,"column":75}},"19":{"start":{"line":62,"column":2},"end":{"line":64,"column":60}},"20":{"start":{"line":64,"column":13},"end":{"line":64,"column":59}},"21":{"start":{"line":16,"column":0},"end":{"line":16,"column":16}}},"fnMap":{"0":{"name":"paginateIndex","decl":{"start":{"line":16,"column":16},"end":{"line":16,"column":29}},"loc":{"start":{"line":16,"column":46},"end":{"line":65,"column":1}}},"1":{"name":"(anonymous_1)","decl":{"start":{"line":64,"column":8},"end":{"line":64,"column":9}},"loc":{"start":{"line":64,"column":9},"end":{"line":64,"column":14}}}},"branchMap":{"0":{"loc":{"start":{"line":43,"column":19},"end":{"line":43,"column":41}},"type":"binary-expr","locations":[{"start":{"line":43,"column":19},"end":{"line":43,"column":41}},{"start":{"line":43,"column":45},"end":{"line":43,"column":62}}]},"1":{"loc":{"start":{"line":48,"column":4},"end":{"line":48,"column":38}},"type":"binary-expr","locations":[{"start":{"line":48,"column":4},"end":{"line":48,"column":38}},{"start":{"line":48,"column":42},"end":{"line":48,"column":48}}]},"2":{"loc":{"start":{"line":55,"column":2},"end":{"line":57,"column":null}},"type":"if","locations":[{"start":{"line":55,"column":2},"end":{"line":57,"column":null}},{"start":{"line":55,"column":2},"end":{"line":57,"column":null}}]},"3":{"loc":{"start":{"line":58,"column":2},"end":{"line":60,"column":null}},"type":"if","locations":[{"start":{"line":58,"column":2},"end":{"line":60,"column":null}},{"start":{"line":58,"column":2},"end":{"line":60,"column":null}}]},"4":{"loc":{"start":{"line":64,"column":48},"end":{"line":64,"column":53}},"type":"cond-expr","locations":[{"start":{"line":64,"column":48},"end":{"line":64,"column":53}},{"start":{"line":64,"column":56},"end":{"line":64,"column":57}}]},"5":{"loc":{"start":{"line":64,"column":14},"end":{"line":64,"column":28}},"type":"binary-expr","locations":[{"start":{"line":64,"column":14},"end":{"line":64,"column":28}},{"start":{"line":64,"column":32},"end":{"line":64,"column":45}}]}},"s":{"0":1,"1":1,"2":5,"3":30,"4":5,"5":5,"6":5,"7":5,"8":5,"9":5,"10":13,"11":5,"12":5,"13":16,"14":5,"15":5,"16":3,"17":5,"18":4,"19":5,"20":33,"21":1},"f":{"0":5,"1":33},"b":{"0":[18,15],"1":[21,16],"2":[3,2],"3":[4,1],"4":[7,26],"5":[33,30]}}
}
