TN:
SF:D:\baobobbob\paginate-index\src\index.ts
FN:16,paginateIndex
FN:64,(anonymous_1)
FNF:2
FNH:2
FNDA:5,paginateIndex
FNDA:33,(anonymous_1)
DA:1,1
DA:2,1
DA:16,1
DA:17,5
DA:31,30
DA:32,5
DA:39,5
DA:40,5
DA:41,5
DA:43,5
DA:44,13
DA:46,5
DA:47,5
DA:51,16
DA:53,5
DA:55,5
DA:56,3
DA:58,5
DA:59,4
DA:62,5
DA:64,33
LF:21
LH:21
BRDA:43,0,0,18
BRDA:43,0,1,15
BRDA:48,1,0,21
BRDA:48,1,1,16
BRDA:55,2,0,3
BRDA:55,2,1,2
BRDA:58,3,0,4
BRDA:58,3,1,1
BRDA:64,4,0,7
BRDA:64,4,1,26
BRDA:64,5,0,33
BRDA:64,5,1,30
BRF:12
BRH:12
end_of_record
